url opened
username entered
password entered
url opened
username entered
password entered
url opened
username entered
password entered
submitted
url opened
username entered
password entered
submitted
url opened
username entered
password entered
submitted
url opened
username entered
password entered
submitted
url opened
username entered
password entered
submitted
url opened
username entered
password entered
submitted
url opened
username entered
password entered
submitted
url opened
username entered
password entered
submitted
user name provided
password provided
Login passed
user name provided
password provided
user name provided
password provided
Login passed
User name is provided
Passsword is provided
providing customer details....
validation started....
test case passed....
url opened
username entered
password entered
submitted
url opened
username entered
password entered
submitted
url opened
username entered
password entered
submitted
url opened
username entered
password entered
submitted
url opened
username entered
password entered
submitted
user name provided
password provided
user name provided
password provided
user name provided
password provided
User name is provided
Passsword is provided
providing customer details....
validation started....
test case passed....
user name provided
password provided
Login passed
user name provided
password provided
Login passed
url opened
username entered
password entered
submitted
url opened
username entered
password entered
submitted
user name provided
password provided
user name provided
password provided
user name provided
password provided
User name is provided
Passsword is provided
providing customer details....
validation started....
test case passed....
url opened
username entered
password entered
submitted
user name provided
password provided
user name provided
password provided
user name provided
password provided
User name is provided
Passsword is provided
providing customer details....
validation started....
url opened
username entered
password entered
submitted
url opened
username entered
password entered
submitted
url opened
username entered
password entered
submitted
